<?xml version="1.0" encoding="UTF-8"?>
<!-- Generated by org.testng.reporters.JUnitReportReporter -->
<testsuite name="testcase.ProductTestCases" tests="3" time="30.996" ignored="0" failures="0" timestamp="26 Jun 2020 15:03:26 GMT" skipped="0" hostname="LAPTOP-1KHE5T04" errors="0">
  <testcase name="searchandAddAProduct" time="8.236" classname="testcase.ProductTestCases"/>
  <testcase name="increaseProductQuantityAndCheckPrice" time="11.021" classname="testcase.ProductTestCases"/>
  <testcase name="searchandAddAProductOfdifferentSize" time="11.739" classname="testcase.ProductTestCases"/>
</testsuite> <!-- testcase.ProductTestCases -->
