<?xml version="1.0" encoding="UTF-8"?>
<!-- Generated by org.testng.reporters.JUnitReportReporter -->
<testsuite name="testcase.FeaturedProductTestCases" tests="1" time="7.377" ignored="0" failures="0" timestamp="26 Jun 2020 15:03:26 GMT" skipped="0" hostname="LAPTOP-1KHE5T04" errors="0">
  <testcase name="addAnItemFromFeaturedCollection" time="7.377" classname="testcase.FeaturedProductTestCases"/>
</testsuite> <!-- testcase.FeaturedProductTestCases -->
