<?xml version="1.0" encoding="UTF-8"?>
<testsuite name="testcase.ProductTestCases" tests="3" skipped="0" failures="0" errors="0" timestamp="2020-06-26T15:02:53" hostname="LAPTOP-1KHE5T04" time="31.072">
  <properties/>
  <testcase name="searchandAddAProduct[0](Round Neck Shirt, 3.0, S,M)" classname="testcase.ProductTestCases" time="8.236"/>
  <testcase name="increaseProductQuantityAndCheckPrice[0](Round Neck Shirt, 3.0, S,M)" classname="testcase.ProductTestCases" time="11.021"/>
  <testcase name="searchandAddAProductOfdifferentSize[0](Round Neck Shirt, 3.0, S,M)" classname="testcase.ProductTestCases" time="11.739"/>
  <system-out><![CDATA[]]></system-out>
  <system-err><![CDATA[]]></system-err>
</testsuite>
